[1;32mvirtualbox output will be in this color.[0m

[1;32m==> virtualbox: Downloading or copying Guest additions[0m
[0;32m    virtualbox: Downloading or copying: file:///Applications/VirtualBox.app/Contents/MacOS/VBoxGuestAdditions.iso[0m
[1;32m==> virtualbox: Downloading or copying ISO[0m
[0;32m    virtualbox: Downloading or copying: http://mirror.aarnet.edu.au/pub/oraclelinux/OL6/U6/x86_64/OracleLinux-R6-U6-Server-x86_64-dvd.iso[0m
[1;32m==> virtualbox: Starting HTTP server on port 8205[0m
[1;32m==> virtualbox: Creating virtual machine...[0m
[1;32m==> virtualbox: Creating hard drive...[0m
[1;32m==> virtualbox: Creating forwarded port mapping for SSH (host port 2977)[0m
[1;32m==> virtualbox: Starting the virtual machine...[0m
[1;32m==> virtualbox: Waiting 10s for boot...[0m
[1;32m==> virtualbox: Typing the boot command...[0m
[1;32m==> virtualbox: Waiting for SSH to become available...[0m
[1;32m==> virtualbox: Connected to SSH![0m
[1;32m==> virtualbox: Uploading VirtualBox version info (5.0.4)[0m
[1;32m==> virtualbox: Uploading VirtualBox guest additions ISO...[0m
[1;32m==> virtualbox: Pausing 1s before the next provisioner...[0m
[1;32m==> virtualbox: Provisioning with shell script: /var/folders/qv/m3gzvwfs7tx0knx3f0yj7svw0000gn/T/packer-shell264756165[0m
[0;32m    virtualbox: Verifying archive integrity... All good.[0m
[0;32m    virtualbox: Uncompressing VirtualBox 5.0.4 Guest Additions for Linux............[0m
[0;32m    virtualbox: VirtualBox Guest Additions installer[0m
[0;32m    virtualbox: Copying additional installer modules ...[0m
[0;32m    virtualbox: Installing additional modules ...[0m
[0;32m    virtualbox: Removing existing VirtualBox non-DKMS kernel modules[  OK  ][0m
[0;32m    virtualbox: Building the VirtualBox Guest Additions kernel modules[0m
[0;32m    virtualbox: The headers for the current running kernel were not found. If the following[0m
[0;32m    virtualbox: module compilation fails then this could be the reason.[0m
[0;32m    virtualbox: The missing package can be probably installed with[0m
[0;32m    virtualbox: yum install kernel-uek-devel-3.8.13-98.4.1.el6uek.x86_64[0m
[0;32m    virtualbox:[0m
[0;32m    virtualbox: Building the main Guest Additions module[  OK  ][0m
[0;32m    virtualbox: Building the shared folder support module[  OK  ][0m
[0;32m    virtualbox: Building the OpenGL support module[  OK  ][0m
[0;32m    virtualbox: Doing non-kernel setup of the Guest Additions[  OK  ][0m
[0;32m    virtualbox: Starting the VirtualBox Guest Additions [  OK  ][0m
[0;32m    virtualbox: Installing the Window System drivers[0m
[0;32m    virtualbox: Could not find the X.Org or XFree86 Window System, skipping.[0m
[1;32m==> virtualbox: Gracefully halting virtual machine...[0m
[1;32m==> virtualbox: Executing custom VBoxManage commands...[0m
[0;32m    virtualbox: Executing: storagectl packer-virtualbox-1444644426 --name IDE Controller --remove[0m
[1;32m==> virtualbox: Preparing to export machine...[0m
[0;32m    virtualbox: Deleting forwarded port mapping for SSH (host port 2977)[0m
[1;32m==> virtualbox: Exporting virtual machine...[0m
[0;32m    virtualbox: Executing: export packer-virtualbox-1444644426 --output output-virtualbox/packer-virtualbox-1444644426.ovf[0m
[1;32m==> virtualbox: Unregistering and deleting virtual machine...[0m
[1;32m==> virtualbox: Running post-processor: vagrant[0m
[1;32m==> virtualbox (vagrant): Creating Vagrant box for 'virtualbox' provider[0m
[0;32m    virtualbox (vagrant): Copying from artifact: output-virtualbox/packer-virtualbox-1444644426-disk1.vmdk[0m
[0;32m    virtualbox (vagrant): Copying from artifact: output-virtualbox/packer-virtualbox-1444644426.ovf[0m
[0;32m    virtualbox (vagrant): Renaming the OVF to box.ovf...[0m
[0;32m    virtualbox (vagrant): Compressing: Vagrantfile[0m
[0;32m    virtualbox (vagrant): Compressing: box.ovf[0m
[0;32m    virtualbox (vagrant): Compressing: metadata.json[0m
[0;32m    virtualbox (vagrant): Compressing: packer-virtualbox-1444644426-disk1.vmdk[0m
[1;32mBuild 'virtualbox' finished.[0m

==> Builds finished. The artifacts of successful builds are:
--> virtualbox: 'virtualbox' provider box: virtualbox/ol66.box
